DATASET:
  GENETIC:
    FIX_PROTOTYPES: True
    MODEL_PATH: NA
    ORDER_NAME: Diptera
    PROTOTYPE_SHAPE: (1600, 64, 1, 1)
    SIZE: 720
    TAXONOMY_NAME: family
    TRAIN_PATH: ./data/BIOSCAN-1M/small_diptera_family-train.tsv
    TRAIN_PUSH_DIR: ./data/BIOSCAN-1M/small_diptera_family-train.tsv
    TRANSFORM: onehot
    VALIDATION_PATH: ./data/BIOSCAN-1M/small_diptera_family-validation.tsv
  IMAGE:
    MODEL_PATH: NA
    PROTOTYPE_SHAPE: (0, 0, 0, 0)
    SIZE: 224
    TEST_DIR: NA
    TRAIN_DIR: NA
    TRAIN_PUSH_DIR: NA
    TRANSFORM_MEAN: ()
    TRANSFORM_STD: ()
  NAME: genetics
  NUM_CLASSES: 40
  TEST_BATCH_SIZE: 100
  TRAIN_BATCH_SIZE: 80
  TRAIN_PUSH_BATCH_SIZE: 75
EXPERIMENT_RUN: 1
MODEL:
  BACKBONE: resnet50
  DEVICE: cuda
  GENETIC_MODE: False
  PROTOTYPE_ACTIVATION_FUNCTION: linear
  PROTOTYPE_DISTANCE_FUNCTION: cosine
OPTIM:
  COEFS:
    CLST: 0.8
    CRS_ENT: 1
    L1: 0.0001
    SEP: -0.08
  JOINT_OPTIMIZER_LAYERS:
    ADD_ON_LAYERS: 0.003
    FEATURES: 0.0001
    LR_STEP_SIZE: 5
    PROTOTYPE_VECTORS: 0.003
    WEIGHT_DECAY: 0.001
  LAST_LAYER_OPTIMIZER_LAYERS:
    LR: 0.0001
  NUM_TRAIN_EPOCHS: 100
  NUM_WARM_EPOCHS: 5
  PUSH_EPOCHS: [0, 10, 20, 30, 40, 50, 60, 70, 80, 90]
  PUSH_START: 10
  WARM_OPTIMIZER_LAYERS:
    ADD_ON_LAYERS: 0.003
    PROTOTYPE_VECTORS: 0.003
    WEIGHT_DECAY: 0.001
OUTPUT:
  IMG_DIR: NA
  MODEL_DIR: NA
  NO_SAVE: True
  PROTOTYPE_IMG_FILENAME_PREFIX: NA
  PROTOTYPE_SELF_ACT_FILENAME_PREFIX: NA
  PROTO_BOUND_BOXES_FILENAME_PREFIX: NA
  WEIGHT_MATRIX_FILENAME: NA
DATASET:
  GENETIC:
    FIX_PROTOTYPES: True
    MODEL_PATH: NA
    ORDER_NAME: Diptera
    PROTOTYPE_SHAPE: (1600, 64, 1, 1)
    SIZE: 720
    TAXONOMY_NAME: family
    TRAIN_PATH: ./data/BIOSCAN-1M/small_diptera_family-train.tsv
    TRAIN_PUSH_DIR: ./data/BIOSCAN-1M/small_diptera_family-train.tsv
    TRANSFORM: onehot
    VALIDATION_PATH: ./data/BIOSCAN-1M/small_diptera_family-validation.tsv
  IMAGE:
    MODEL_PATH: NA
    PROTOTYPE_SHAPE: (0, 0, 0, 0)
    SIZE: 224
    TEST_DIR: NA
    TRAIN_DIR: NA
    TRAIN_PUSH_DIR: NA
    TRANSFORM_MEAN: ()
    TRANSFORM_STD: ()
  NAME: genetics
  NUM_CLASSES: 40
  TEST_BATCH_SIZE: 100
  TRAIN_BATCH_SIZE: 80
  TRAIN_PUSH_BATCH_SIZE: 75
EXPERIMENT_RUN: 1
MODEL:
  BACKBONE: resnet50
  DEVICE: cuda
  GENETIC_MODE: False
  PROTOTYPE_ACTIVATION_FUNCTION: linear
  PROTOTYPE_DISTANCE_FUNCTION: cosine
OPTIM:
  COEFS:
    CLST: 0.8
    CRS_ENT: 1
    L1: 0.0001
    SEP: -0.08
  JOINT_OPTIMIZER_LAYERS:
    ADD_ON_LAYERS: 0.003
    FEATURES: 0.0001
    LR_STEP_SIZE: 5
    PROTOTYPE_VECTORS: 0.003
    WEIGHT_DECAY: 0.001
  LAST_LAYER_OPTIMIZER_LAYERS:
    LR: 0.0001
  NUM_TRAIN_EPOCHS: 100
  NUM_WARM_EPOCHS: 5
  PUSH_EPOCHS: [0, 10, 20, 30, 40, 50, 60, 70, 80, 90]
  PUSH_START: 10
  WARM_OPTIMIZER_LAYERS:
    ADD_ON_LAYERS: 0.003
    PROTOTYPE_VECTORS: 0.003
    WEIGHT_DECAY: 0.001
OUTPUT:
  IMG_DIR: NA
  MODEL_DIR: NA
  NO_SAVE: True
  PROTOTYPE_IMG_FILENAME_PREFIX: NA
  PROTOTYPE_SELF_ACT_FILENAME_PREFIX: NA
  PROTO_BOUND_BOXES_FILENAME_PREFIX: NA
  WEIGHT_MATRIX_FILENAME: NA
DATASET:
  GENETIC:
    FIX_PROTOTYPES: True
    MODEL_PATH: NA
    ORDER_NAME: Diptera
    PROTOTYPE_SHAPE: (1600, 64, 1, 1)
    SIZE: 720
    TAXONOMY_NAME: family
    TRAIN_PATH: ./data/BIOSCAN-1M/small_diptera_family-train.tsv
    TRAIN_PUSH_DIR: ./data/BIOSCAN-1M/small_diptera_family-train.tsv
    TRANSFORM: onehot
    VALIDATION_PATH: ./data/BIOSCAN-1M/small_diptera_family-validation.tsv
  IMAGE:
    MODEL_PATH: NA
    PROTOTYPE_SHAPE: (0, 0, 0, 0)
    SIZE: 224
    TEST_DIR: NA
    TRAIN_DIR: NA
    TRAIN_PUSH_DIR: NA
    TRANSFORM_MEAN: ()
    TRANSFORM_STD: ()
  NAME: genetics
  NUM_CLASSES: 40
  TEST_BATCH_SIZE: 100
  TRAIN_BATCH_SIZE: 80
  TRAIN_PUSH_BATCH_SIZE: 75
EXPERIMENT_RUN: 1
MODEL:
  BACKBONE: resnet50
  DEVICE: cuda
  GENETIC_MODE: False
  PROTOTYPE_ACTIVATION_FUNCTION: linear
  PROTOTYPE_DISTANCE_FUNCTION: cosine
OPTIM:
  COEFS:
    CLST: 0.8
    CRS_ENT: 1
    L1: 0.0001
    SEP: -0.08
  JOINT_OPTIMIZER_LAYERS:
    ADD_ON_LAYERS: 0.003
    FEATURES: 0.0001
    LR_STEP_SIZE: 5
    PROTOTYPE_VECTORS: 0.003
    WEIGHT_DECAY: 0.001
  LAST_LAYER_OPTIMIZER_LAYERS:
    LR: 0.0001
  NUM_TRAIN_EPOCHS: 100
  NUM_WARM_EPOCHS: 5
  PUSH_EPOCHS: [0, 10, 20, 30, 40, 50, 60, 70, 80, 90]
  PUSH_START: 10
  WARM_OPTIMIZER_LAYERS:
    ADD_ON_LAYERS: 0.003
    PROTOTYPE_VECTORS: 0.003
    WEIGHT_DECAY: 0.001
OUTPUT:
  IMG_DIR: NA
  MODEL_DIR: NA
  NO_SAVE: True
  PROTOTYPE_IMG_FILENAME_PREFIX: NA
  PROTOTYPE_SELF_ACT_FILENAME_PREFIX: NA
  PROTO_BOUND_BOXES_FILENAME_PREFIX: NA
  WEIGHT_MATRIX_FILENAME: NA
DATASET:
  GENETIC:
    FIX_PROTOTYPES: True
    MODEL_PATH: NA
    ORDER_NAME: Diptera
    PROTOTYPE_SHAPE: (1600, 64, 1, 1)
    SIZE: 720
    TAXONOMY_NAME: family
    TRAIN_PATH: ./data/BIOSCAN-1M/small_diptera_family-train.tsv
    TRAIN_PUSH_DIR: ./data/BIOSCAN-1M/small_diptera_family-train.tsv
    TRANSFORM: onehot
    VALIDATION_PATH: ./data/BIOSCAN-1M/small_diptera_family-validation.tsv
  IMAGE:
    MODEL_PATH: NA
    PROTOTYPE_SHAPE: (0, 0, 0, 0)
    SIZE: 224
    TEST_DIR: NA
    TRAIN_DIR: NA
    TRAIN_PUSH_DIR: NA
    TRANSFORM_MEAN: ()
    TRANSFORM_STD: ()
  NAME: genetics
  NUM_CLASSES: 40
  TEST_BATCH_SIZE: 100
  TRAIN_BATCH_SIZE: 80
  TRAIN_PUSH_BATCH_SIZE: 75
EXPERIMENT_RUN: 1
MODEL:
  BACKBONE: resnet50
  DEVICE: cuda
  GENETIC_MODE: False
  PROTOTYPE_ACTIVATION_FUNCTION: linear
  PROTOTYPE_DISTANCE_FUNCTION: cosine
OPTIM:
  COEFS:
    CLST: 0.8
    CRS_ENT: 1
    L1: 0.0001
    SEP: -0.08
  JOINT_OPTIMIZER_LAYERS:
    ADD_ON_LAYERS: 0.003
    FEATURES: 0.0001
    LR_STEP_SIZE: 5
    PROTOTYPE_VECTORS: 0.003
    WEIGHT_DECAY: 0.001
  LAST_LAYER_OPTIMIZER_LAYERS:
    LR: 0.0001
  NUM_TRAIN_EPOCHS: 100
  NUM_WARM_EPOCHS: 5
  PUSH_EPOCHS: [0, 10, 20, 30, 40, 50, 60, 70, 80, 90]
  PUSH_START: 10
  WARM_OPTIMIZER_LAYERS:
    ADD_ON_LAYERS: 0.003
    PROTOTYPE_VECTORS: 0.003
    WEIGHT_DECAY: 0.001
OUTPUT:
  IMG_DIR: NA
  MODEL_DIR: NA
  NO_SAVE: True
  PROTOTYPE_IMG_FILENAME_PREFIX: NA
  PROTOTYPE_SELF_ACT_FILENAME_PREFIX: NA
  PROTO_BOUND_BOXES_FILENAME_PREFIX: NA
  WEIGHT_MATRIX_FILENAME: NA
DATASET:
  GENETIC:
    FIX_PROTOTYPES: True
    MODEL_PATH: NA
    ORDER_NAME: Diptera
    PROTOTYPE_SHAPE: (1600, 64, 1, 1)
    SIZE: 720
    TAXONOMY_NAME: family
    TRAIN_PATH: ./data/BIOSCAN-1M/small_diptera_family-train.tsv
    TRAIN_PUSH_DIR: ./data/BIOSCAN-1M/small_diptera_family-train.tsv
    TRANSFORM: onehot
    VALIDATION_PATH: ./data/BIOSCAN-1M/small_diptera_family-validation.tsv
  IMAGE:
    MODEL_PATH: NA
    PROTOTYPE_SHAPE: (0, 0, 0, 0)
    SIZE: 224
    TEST_DIR: NA
    TRAIN_DIR: NA
    TRAIN_PUSH_DIR: NA
    TRANSFORM_MEAN: ()
    TRANSFORM_STD: ()
  NAME: genetics
  NUM_CLASSES: 40
  TEST_BATCH_SIZE: 100
  TRAIN_BATCH_SIZE: 80
  TRAIN_PUSH_BATCH_SIZE: 75
EXPERIMENT_RUN: 1
MODEL:
  BACKBONE: resnet50
  DEVICE: cuda
  GENETIC_MODE: False
  PROTOTYPE_ACTIVATION_FUNCTION: linear
  PROTOTYPE_DISTANCE_FUNCTION: cosine
OPTIM:
  COEFS:
    CLST: 0.8
    CRS_ENT: 1
    L1: 0.0001
    SEP: -0.08
  JOINT_OPTIMIZER_LAYERS:
    ADD_ON_LAYERS: 0.003
    FEATURES: 0.0001
    LR_STEP_SIZE: 5
    PROTOTYPE_VECTORS: 0.003
    WEIGHT_DECAY: 0.001
  LAST_LAYER_OPTIMIZER_LAYERS:
    LR: 0.0001
  NUM_TRAIN_EPOCHS: 100
  NUM_WARM_EPOCHS: 5
  PUSH_EPOCHS: [0, 10, 20, 30, 40, 50, 60, 70, 80, 90]
  PUSH_START: 10
  WARM_OPTIMIZER_LAYERS:
    ADD_ON_LAYERS: 0.003
    PROTOTYPE_VECTORS: 0.003
    WEIGHT_DECAY: 0.001
OUTPUT:
  IMG_DIR: NA
  MODEL_DIR: NA
  NO_SAVE: True
  PROTOTYPE_IMG_FILENAME_PREFIX: NA
  PROTOTYPE_SELF_ACT_FILENAME_PREFIX: NA
  PROTO_BOUND_BOXES_FILENAME_PREFIX: NA
  WEIGHT_MATRIX_FILENAME: NA
DATASET:
  GENETIC:
    FIX_PROTOTYPES: True
    MODEL_PATH: NA
    ORDER_NAME: Diptera
    PROTOTYPE_SHAPE: (1600, 64, 1, 1)
    SIZE: 720
    TAXONOMY_NAME: family
    TRAIN_PATH: ./data/BIOSCAN-1M/small_diptera_family-train.tsv
    TRAIN_PUSH_DIR: ./data/BIOSCAN-1M/small_diptera_family-train.tsv
    TRANSFORM: onehot
    VALIDATION_PATH: ./data/BIOSCAN-1M/small_diptera_family-validation.tsv
  IMAGE:
    MODEL_PATH: NA
    PROTOTYPE_SHAPE: (0, 0, 0, 0)
    SIZE: 224
    TEST_DIR: NA
    TRAIN_DIR: NA
    TRAIN_PUSH_DIR: NA
    TRANSFORM_MEAN: ()
    TRANSFORM_STD: ()
  NAME: genetics
  NUM_CLASSES: 40
  TEST_BATCH_SIZE: 100
  TRAIN_BATCH_SIZE: 80
  TRAIN_PUSH_BATCH_SIZE: 75
EXPERIMENT_RUN: 1
MODEL:
  BACKBONE: resnet50
  DEVICE: cuda
  GENETIC_MODE: False
  PROTOTYPE_ACTIVATION_FUNCTION: linear
  PROTOTYPE_DISTANCE_FUNCTION: cosine
OPTIM:
  COEFS:
    CLST: 0.8
    CRS_ENT: 1
    L1: 0.0001
    SEP: -0.08
  JOINT_OPTIMIZER_LAYERS:
    ADD_ON_LAYERS: 0.003
    FEATURES: 0.0001
    LR_STEP_SIZE: 5
    PROTOTYPE_VECTORS: 0.003
    WEIGHT_DECAY: 0.001
  LAST_LAYER_OPTIMIZER_LAYERS:
    LR: 0.0001
  NUM_TRAIN_EPOCHS: 100
  NUM_WARM_EPOCHS: 5
  PUSH_EPOCHS: [0, 10, 20, 30, 40, 50, 60, 70, 80, 90]
  PUSH_START: 10
  WARM_OPTIMIZER_LAYERS:
    ADD_ON_LAYERS: 0.003
    PROTOTYPE_VECTORS: 0.003
    WEIGHT_DECAY: 0.001
OUTPUT:
  IMG_DIR: NA
  MODEL_DIR: NA
  NO_SAVE: True
  PROTOTYPE_IMG_FILENAME_PREFIX: NA
  PROTOTYPE_SELF_ACT_FILENAME_PREFIX: NA
  PROTO_BOUND_BOXES_FILENAME_PREFIX: NA
  WEIGHT_MATRIX_FILENAME: NA
DATASET:
  GENETIC:
    FIX_PROTOTYPES: True
    MODEL_PATH: NA
    ORDER_NAME: Diptera
    PROTOTYPE_SHAPE: (1600, 64, 1, 1)
    SIZE: 720
    TAXONOMY_NAME: family
    TRAIN_PATH: ./data/BIOSCAN-1M/small_diptera_family-train.tsv
    TRAIN_PUSH_DIR: ./data/BIOSCAN-1M/small_diptera_family-train.tsv
    TRANSFORM: onehot
    VALIDATION_PATH: ./data/BIOSCAN-1M/small_diptera_family-validation.tsv
  IMAGE:
    MODEL_PATH: NA
    PROTOTYPE_SHAPE: (0, 0, 0, 0)
    SIZE: 224
    TEST_DIR: NA
    TRAIN_DIR: NA
    TRAIN_PUSH_DIR: NA
    TRANSFORM_MEAN: ()
    TRANSFORM_STD: ()
  NAME: genetics
  NUM_CLASSES: 40
  TEST_BATCH_SIZE: 100
  TRAIN_BATCH_SIZE: 80
  TRAIN_PUSH_BATCH_SIZE: 75
EXPERIMENT_RUN: 1
MODEL:
  BACKBONE: saved_models/genetics_ppnet/237/40w-64-deep_6.pth
  DEVICE: cuda
  GENETIC_MODE: False
  PROTOTYPE_ACTIVATION_FUNCTION: linear
  PROTOTYPE_DISTANCE_FUNCTION: cosine
OPTIM:
  COEFS:
    CLST: 0.8
    CRS_ENT: 1
    L1: 0.0001
    SEP: -0.08
  JOINT_OPTIMIZER_LAYERS:
    ADD_ON_LAYERS: 0.003
    FEATURES: 0.0001
    LR_STEP_SIZE: 5
    PROTOTYPE_VECTORS: 0.003
    WEIGHT_DECAY: 0.001
  LAST_LAYER_OPTIMIZER_LAYERS:
    LR: 0.0001
  NUM_TRAIN_EPOCHS: 100
  NUM_WARM_EPOCHS: 5
  PUSH_EPOCHS: [0, 10, 20, 30, 40, 50, 60, 70, 80, 90]
  PUSH_START: 10
  WARM_OPTIMIZER_LAYERS:
    ADD_ON_LAYERS: 0.003
    PROTOTYPE_VECTORS: 0.003
    WEIGHT_DECAY: 0.001
OUTPUT:
  IMG_DIR: NA
  MODEL_DIR: NA
  NO_SAVE: True
  PROTOTYPE_IMG_FILENAME_PREFIX: NA
  PROTOTYPE_SELF_ACT_FILENAME_PREFIX: NA
  PROTO_BOUND_BOXES_FILENAME_PREFIX: NA
  WEIGHT_MATRIX_FILENAME: NA
DATASET:
  GENETIC:
    FIX_PROTOTYPES: True
    MODEL_PATH: NA
    ORDER_NAME: Diptera
    PROTOTYPE_SHAPE: (1600, 64, 1, 1)
    SIZE: 720
    TAXONOMY_NAME: family
    TRAIN_PATH: ./data/BIOSCAN-1M/small_diptera_family-train.tsv
    TRAIN_PUSH_DIR: ./data/BIOSCAN-1M/small_diptera_family-train.tsv
    TRANSFORM: onehot
    VALIDATION_PATH: ./data/BIOSCAN-1M/small_diptera_family-validation.tsv
  IMAGE:
    MODEL_PATH: NA
    PROTOTYPE_SHAPE: (0, 0, 0, 0)
    SIZE: 224
    TEST_DIR: NA
    TRAIN_DIR: NA
    TRAIN_PUSH_DIR: NA
    TRANSFORM_MEAN: ()
    TRANSFORM_STD: ()
  NAME: genetics
  NUM_CLASSES: 40
  TEST_BATCH_SIZE: 100
  TRAIN_BATCH_SIZE: 80
  TRAIN_PUSH_BATCH_SIZE: 75
EXPERIMENT_RUN: 1
MODEL:
  BACKBONE: saved_models/genetics_ppnet/237/40w-64-deep_6.pth
  DEVICE: cuda
  GENETIC_MODE: False
  PROTOTYPE_ACTIVATION_FUNCTION: linear
  PROTOTYPE_DISTANCE_FUNCTION: cosine
OPTIM:
  COEFS:
    CLST: 0.8
    CRS_ENT: 1
    L1: 0.0001
    SEP: -0.08
  JOINT_OPTIMIZER_LAYERS:
    ADD_ON_LAYERS: 0.003
    FEATURES: 0.0001
    LR_STEP_SIZE: 5
    PROTOTYPE_VECTORS: 0.003
    WEIGHT_DECAY: 0.001
  LAST_LAYER_OPTIMIZER_LAYERS:
    LR: 0.0001
  NUM_TRAIN_EPOCHS: 100
  NUM_WARM_EPOCHS: 5
  PUSH_EPOCHS: [0, 10, 20, 30, 40, 50, 60, 70, 80, 90]
  PUSH_START: 10
  WARM_OPTIMIZER_LAYERS:
    ADD_ON_LAYERS: 0.003
    PROTOTYPE_VECTORS: 0.003
    WEIGHT_DECAY: 0.001
OUTPUT:
  IMG_DIR: NA
  MODEL_DIR: NA
  NO_SAVE: True
  PROTOTYPE_IMG_FILENAME_PREFIX: NA
  PROTOTYPE_SELF_ACT_FILENAME_PREFIX: NA
  PROTO_BOUND_BOXES_FILENAME_PREFIX: NA
  WEIGHT_MATRIX_FILENAME: NA
DATASET:
  GENETIC:
    FIX_PROTOTYPES: True
    MODEL_PATH: NA
    ORDER_NAME: Diptera
    PROTOTYPE_SHAPE: (1600, 64, 1, 1)
    SIZE: 720
    TAXONOMY_NAME: family
    TRAIN_PATH: ./data/BIOSCAN-1M/small_diptera_family-train.tsv
    TRAIN_PUSH_DIR: ./data/BIOSCAN-1M/small_diptera_family-train.tsv
    TRANSFORM: onehot
    VALIDATION_PATH: ./data/BIOSCAN-1M/small_diptera_family-validation.tsv
  IMAGE:
    MODEL_PATH: NA
    PROTOTYPE_SHAPE: (0, 0, 0, 0)
    SIZE: 224
    TEST_DIR: NA
    TRAIN_DIR: NA
    TRAIN_PUSH_DIR: NA
    TRANSFORM_MEAN: ()
    TRANSFORM_STD: ()
  NAME: genetics
  NUM_CLASSES: 40
  TEST_BATCH_SIZE: 100
  TRAIN_BATCH_SIZE: 80
  TRAIN_PUSH_BATCH_SIZE: 75
EXPERIMENT_RUN: 1
MODEL:
  BACKBONE: saved_models/genetics_ppnet/237/40w-64-deep_6.pth
  DEVICE: cuda
  GENETIC_MODE: False
  PROTOTYPE_ACTIVATION_FUNCTION: linear
  PROTOTYPE_DISTANCE_FUNCTION: cosine
OPTIM:
  COEFS:
    CLST: 0.8
    CRS_ENT: 1
    L1: 0.0001
    SEP: -0.08
  JOINT_OPTIMIZER_LAYERS:
    ADD_ON_LAYERS: 0.003
    FEATURES: 0.0001
    LR_STEP_SIZE: 5
    PROTOTYPE_VECTORS: 0.003
    WEIGHT_DECAY: 0.001
  LAST_LAYER_OPTIMIZER_LAYERS:
    LR: 0.0001
  NUM_TRAIN_EPOCHS: 100
  NUM_WARM_EPOCHS: 5
  PUSH_EPOCHS: [0, 10, 20, 30, 40, 50, 60, 70, 80, 90]
  PUSH_START: 10
  WARM_OPTIMIZER_LAYERS:
    ADD_ON_LAYERS: 0.003
    PROTOTYPE_VECTORS: 0.003
    WEIGHT_DECAY: 0.001
OUTPUT:
  IMG_DIR: NA
  MODEL_DIR: NA
  NO_SAVE: True
  PROTOTYPE_IMG_FILENAME_PREFIX: NA
  PROTOTYPE_SELF_ACT_FILENAME_PREFIX: NA
  PROTO_BOUND_BOXES_FILENAME_PREFIX: NA
  WEIGHT_MATRIX_FILENAME: NA
DATASET:
  GENETIC:
    FIX_PROTOTYPES: True
    MODEL_PATH: NA
    ORDER_NAME: Diptera
    PROTOTYPE_SHAPE: (1600, 64, 1, 1)
    SIZE: 720
    TAXONOMY_NAME: family
    TRAIN_PATH: ./data/BIOSCAN-1M/small_diptera_family-train.tsv
    TRAIN_PUSH_DIR: ./data/BIOSCAN-1M/small_diptera_family-train.tsv
    TRANSFORM: onehot
    VALIDATION_PATH: ./data/BIOSCAN-1M/small_diptera_family-validation.tsv
  IMAGE:
    MODEL_PATH: NA
    PROTOTYPE_SHAPE: (0, 0, 0, 0)
    SIZE: 224
    TEST_DIR: NA
    TRAIN_DIR: NA
    TRAIN_PUSH_DIR: NA
    TRANSFORM_MEAN: ()
    TRANSFORM_STD: ()
  NAME: genetics
  NUM_CLASSES: 40
  TEST_BATCH_SIZE: 100
  TRAIN_BATCH_SIZE: 80
  TRAIN_PUSH_BATCH_SIZE: 75
EXPERIMENT_RUN: 1
MODEL:
  BACKBONE: saved_models/genetics_ppnet/237/40w-64-deep_6.pth
  DEVICE: cuda
  GENETIC_MODE: False
  PROTOTYPE_ACTIVATION_FUNCTION: linear
  PROTOTYPE_DISTANCE_FUNCTION: cosine
OPTIM:
  COEFS:
    CLST: 0.8
    CRS_ENT: 1
    L1: 0.0001
    SEP: -0.08
  JOINT_OPTIMIZER_LAYERS:
    ADD_ON_LAYERS: 0.003
    FEATURES: 0.0001
    LR_STEP_SIZE: 5
    PROTOTYPE_VECTORS: 0.003
    WEIGHT_DECAY: 0.001
  LAST_LAYER_OPTIMIZER_LAYERS:
    LR: 0.0001
  NUM_TRAIN_EPOCHS: 100
  NUM_WARM_EPOCHS: 5
  PUSH_EPOCHS: [0, 10, 20, 30, 40, 50, 60, 70, 80, 90]
  PUSH_START: 10
  WARM_OPTIMIZER_LAYERS:
    ADD_ON_LAYERS: 0.003
    PROTOTYPE_VECTORS: 0.003
    WEIGHT_DECAY: 0.001
OUTPUT:
  IMG_DIR: NA
  MODEL_DIR: NA
  NO_SAVE: True
  PROTOTYPE_IMG_FILENAME_PREFIX: NA
  PROTOTYPE_SELF_ACT_FILENAME_PREFIX: NA
  PROTO_BOUND_BOXES_FILENAME_PREFIX: NA
  WEIGHT_MATRIX_FILENAME: NA
start training
epoch: 	0
	warm
	train
DATASET:
  GENETIC:
    FIX_PROTOTYPES: True
    MODEL_PATH: NA
    ORDER_NAME: Diptera
    PROTOTYPE_SHAPE: (1600, 64, 1, 1)
    SIZE: 720
    TAXONOMY_NAME: family
    TRAIN_PATH: ./data/BIOSCAN-1M/small_diptera_family-train.tsv
    TRAIN_PUSH_DIR: ./data/BIOSCAN-1M/small_diptera_family-train.tsv
    TRANSFORM: onehot
    VALIDATION_PATH: ./data/BIOSCAN-1M/small_diptera_family-validation.tsv
  IMAGE:
    MODEL_PATH: NA
    PROTOTYPE_SHAPE: (0, 0, 0, 0)
    SIZE: 224
    TEST_DIR: NA
    TRAIN_DIR: NA
    TRAIN_PUSH_DIR: NA
    TRANSFORM_MEAN: ()
    TRANSFORM_STD: ()
  NAME: genetics
  NUM_CLASSES: 40
  TEST_BATCH_SIZE: 100
  TRAIN_BATCH_SIZE: 80
  TRAIN_PUSH_BATCH_SIZE: 75
EXPERIMENT_RUN: 1
MODEL:
  BACKBONE: saved_models/genetics_ppnet/237/40w-64-deep_6.pth
  DEVICE: cuda
  GENETIC_MODE: False
  PROTOTYPE_ACTIVATION_FUNCTION: linear
  PROTOTYPE_DISTANCE_FUNCTION: cosine
OPTIM:
  COEFS:
    CLST: 0.8
    CRS_ENT: 1
    L1: 0.0001
    SEP: -0.08
  JOINT_OPTIMIZER_LAYERS:
    ADD_ON_LAYERS: 0.003
    FEATURES: 0.0001
    LR_STEP_SIZE: 5
    PROTOTYPE_VECTORS: 0.003
    WEIGHT_DECAY: 0.001
  LAST_LAYER_OPTIMIZER_LAYERS:
    LR: 0.0001
  NUM_TRAIN_EPOCHS: 100
  NUM_WARM_EPOCHS: 5
  PUSH_EPOCHS: [0, 10, 20, 30, 40, 50, 60, 70, 80, 90]
  PUSH_START: 10
  WARM_OPTIMIZER_LAYERS:
    ADD_ON_LAYERS: 0.003
    PROTOTYPE_VECTORS: 0.003
    WEIGHT_DECAY: 0.001
OUTPUT:
  IMG_DIR: NA
  MODEL_DIR: NA
  NO_SAVE: True
  PROTOTYPE_IMG_FILENAME_PREFIX: NA
  PROTOTYPE_SELF_ACT_FILENAME_PREFIX: NA
  PROTO_BOUND_BOXES_FILENAME_PREFIX: NA
  WEIGHT_MATRIX_FILENAME: NA
start training
epoch: 	0
	warm
	train
	time: 	11.097168207168579
	cross ent: 	2.1884906836296327
	cluster: 	-0.3976168627744396
	separation:	-0.5017944579799426
	avg separation:	0.01436072264316377
	accu: 		53.72%
	l1: 		32800.0
	p dist pair: 	124.51506042480469
	balanced accu:	0.4449771046638489
	mode: 	train
	test
	time: 	1.6951816082000732
	cross ent: 	1.1945648485422133
	cluster: 	-0.5463092535734176
	separation:	-0.6509989392757416
	avg separation:	0.0227315628528595
	accu: 		82.52000000000001%
	l1: 		32800.0
	p dist pair: 	124.51506042480469
	balanced accu:	0.7575923800468445
	mode: 	test
	above 70.00%
epoch: 	1
	warm
	train
	time: 	11.513685941696167
	cross ent: 	0.8525731441092818
	cluster: 	-0.6730942149140519
	separation:	-0.7776646477991043
	avg separation:	0.0263808740847255
	accu: 		88.79428571428572%
	l1: 		32800.0
	p dist pair: 	120.26260375976562
	balanced accu:	0.8436306118965149
	mode: 	train
	test
	time: 	1.296321153640747
	cross ent: 	0.6499190068989992
	cluster: 	-0.7757562601566315
	separation:	-0.8763263654708863
	avg separation:	0.028833074383437633
	accu: 		91.28%
	l1: 		32800.0
	p dist pair: 	120.26260375976562
	balanced accu:	0.8819541335105896
	mode: 	test
	above 70.00%
epoch: 	2
	warm
	train
